# JRE version: OpenJDK Runtime Environment (17.0.6) (build 17.0.6+0-b2043.56-10027231)
# Java VM: OpenJDK 64-Bit Server VM (17.0.6+0-b2043.56-10027231, mixed mode, tiered, compressed oops, compressed class ptrs, g1 gc, windows-amd64)
GC Precious Log:
 CPUs: 12 total, 12 available
 Memory: 15755M
 Large Page Support: Disabled
 NUMA Support: Disabled
 Compressed Oops: Enabled (32-bit)
 Heap Region Size: 1M
 Heap Min Capacity: 8M
 Heap Initial Capacity: 248M
 Heap Max Capacity: 2G
 Pre-touch: Disabled
 Parallel Workers: 10
 Concurrent Workers: 3
 Concurrent Refinement Workers: 10
 Periodic GC: Disabled
Heap:
 garbage-first heap   total 375808K, used 288825K [0x0000000080000000, 0x0000000100000000)
  region size 1024K, 3 young (3072K), 3 survivors (3072K)
 Metaspace       used 157869K, committed 158976K, reserved 1187840K
  class space    used 20534K, committed 21120K, reserved 1048576K
GC Heap History (20 events):
Event: 1923.906 GC heap after
{Heap after GC invocations=94 (full 0):
 garbage-first heap   total 372736K, used 193209K [0x0000000080000000, 0x0000000100000000)
  region size 1024K, 3 young (3072K), 3 survivors (3072K)
 Metaspace       used 153256K, committed 154240K, reserved 1187840K
  class space    used 19912K, committed 20416K, reserved 1048576K
}
Event: 1925.255 GC heap before
{Heap before GC invocations=95 (full 0):
 garbage-first heap   total 372736K, used 328377K [0x0000000080000000, 0x0000000100000000)
  region size 1024K, 135 young (138240K), 3 survivors (3072K)
 Metaspace       used 153470K, committed 154432K, reserved 1187840K
  class space    used 19947K, committed 20416K, reserved 1048576K
}
Event: 1925.263 GC heap after
{Heap after GC invocations=96 (full 0):
 garbage-first heap   total 372736K, used 194148K [0x0000000080000000, 0x0000000100000000)
  region size 1024K, 4 young (4096K), 4 survivors (4096K)
 Metaspace       used 153470K, committed 154432K, reserved 1187840K
  class space    used 19947K, committed 20416K, reserved 1048576K
}
Event: 1925.395 GC heap before
{Heap before GC invocations=96 (full 0):
 garbage-first heap   total 372736K, used 208484K [0x0000000080000000, 0x0000000100000000)
  region size 1024K, 18 young (18432K), 4 survivors (4096K)
 Metaspace       used 153473K, committed 154432K, reserved 1187840K
  class space    used 19947K, committed 20416K, reserved 1048576K
}
Event: 1925.412 GC heap after
{Heap after GC invocations=97 (full 0):
 garbage-first heap   total 372736K, used 189101K [0x0000000080000000, 0x0000000100000000)
  region size 1024K, 2 young (2048K), 2 survivors (2048K)
 Metaspace       used 153473K, committed 154432K, reserved 1187840K
  class space    used 19947K, committed 20416K, reserved 1048576K
}
Event: 1926.553 GC heap before
{Heap before GC invocations=97 (full 0):
 garbage-first heap   total 372736K, used 328365K [0x0000000080000000, 0x0000000100000000)
  region size 1024K, 138 young (141312K), 2 survivors (2048K)
 Metaspace       used 153490K, committed 154432K, reserved 1187840K
  class space    used 19949K, committed 20416K, reserved 1048576K
}
Event: 1926.559 GC heap after
{Heap after GC invocations=98 (full 0):
 garbage-first heap   total 372736K, used 189323K [0x0000000080000000, 0x0000000100000000)
  region size 1024K, 2 young (2048K), 2 survivors (2048K)
 Metaspace       used 153490K, committed 154432K, reserved 1187840K
  class space    used 19949K, committed 20416K, reserved 1048576K
}
Event: 1927.771 GC heap before
{Heap before GC invocations=98 (full 0):
 garbage-first heap   total 372736K, used 329611K [0x0000000080000000, 0x0000000100000000)
  region size 1024K, 139 young (142336K), 2 survivors (2048K)
 Metaspace       used 154903K, committed 155904K, reserved 1187840K
  class space    used 20178K, committed 20672K, reserved 1048576K
}
Event: 1927.778 GC heap after
{Heap after GC invocations=99 (full 0):
 garbage-first heap   total 372736K, used 190490K [0x0000000080000000, 0x0000000100000000)
  region size 1024K, 3 young (3072K), 3 survivors (3072K)
 Metaspace       used 154903K, committed 155904K, reserved 1187840K
  class space    used 20178K, committed 20672K, reserved 1048576K
}
Event: 1928.255 GC heap before
{Heap before GC invocations=99 (full 0):
 garbage-first heap   total 372736K, used 230426K [0x0000000080000000, 0x0000000100000000)
  region size 1024K, 43 young (44032K), 3 survivors (3072K)
 Metaspace       used 155436K, committed 156416K, reserved 1187840K
  class space    used 20243K, committed 20736K, reserved 1048576K
}
Event: 1928.264 GC heap after
{Heap after GC invocations=100 (full 0):
 garbage-first heap   total 372736K, used 191635K [0x0000000080000000, 0x0000000100000000)
  region size 1024K, 4 young (4096K), 4 survivors (4096K)
 Metaspace       used 155436K, committed 156416K, reserved 1187840K
  class space    used 20243K, committed 20736K, reserved 1048576K
}
Event: 1931.731 GC heap before
{Heap before GC invocations=101 (full 0):
 garbage-first heap   total 372736K, used 359571K [0x0000000080000000, 0x0000000100000000)
  region size 1024K, 129 young (132096K), 4 survivors (4096K)
 Metaspace       used 156869K, committed 157888K, reserved 1187840K
  class space    used 20417K, committed 20928K, reserved 1048576K
}
Event: 1931.745 GC heap after
{Heap after GC invocations=102 (full 0):
 garbage-first heap   total 375808K, used 222700K [0x0000000080000000, 0x0000000100000000)
  region size 1024K, 13 young (13312K), 13 survivors (13312K)
 Metaspace       used 156869K, committed 157888K, reserved 1187840K
  class space    used 20417K, committed 20928K, reserved 1048576K
}
Event: 1931.811 GC heap before
{Heap before GC invocations=102 (full 0):
 garbage-first heap   total 375808K, used 226796K [0x0000000080000000, 0x0000000100000000)
  region size 1024K, 18 young (18432K), 13 survivors (13312K)
 Metaspace       used 156874K, committed 157888K, reserved 1187840K
  class space    used 20417K, committed 20928K, reserved 1048576K
}
Event: 1931.853 GC heap after
{Heap after GC invocations=103 (full 0):
 garbage-first heap   total 375808K, used 219569K [0x0000000080000000, 0x0000000100000000)
  region size 1024K, 3 young (3072K), 3 survivors (3072K)
 Metaspace       used 156874K, committed 157888K, reserved 1187840K
  class space    used 20417K, committed 20928K, reserved 1048576K
}
Event: 1933.069 GC heap before
{Heap before GC invocations=103 (full 0):
 garbage-first heap   total 375808K, used 317873K [0x0000000080000000, 0x0000000100000000)
  region size 1024K, 98 young (100352K), 3 survivors (3072K)
 Metaspace       used 157433K, committed 158528K, reserved 1187840K
  class space    used 20496K, committed 21056K, reserved 1048576K
}
Event: 1933.144 GC heap after
{Heap after GC invocations=104 (full 0):
 garbage-first heap   total 375808K, used 263776K [0x0000000080000000, 0x0000000100000000)
  region size 1024K, 13 young (13312K), 13 survivors (13312K)
 Metaspace       used 157433K, committed 158528K, reserved 1187840K
  class space    used 20496K, committed 21056K, reserved 1048576K
}
Event: 1933.669 GC heap before
{Heap before GC invocations=104 (full 0):
 garbage-first heap   total 375808K, used 304736K [0x0000000080000000, 0x0000000100000000)
  region size 1024K, 54 young (55296K), 13 survivors (13312K)
 Metaspace       used 157531K, committed 158592K, reserved 1187840K
  class space    used 20501K, committed 21056K, reserved 1048576K
}
Event: 1933.734 GC heap after
{Heap after GC invocations=105 (full 0):
 garbage-first heap   total 375808K, used 283580K [0x0000000080000000, 0x0000000100000000)
  region size 1024K, 7 young (7168K), 7 survivors (7168K)
 Metaspace       used 157531K, committed 158592K, reserved 1187840K
  class space    used 20501K, committed 21056K, reserved 1048576K
}
Event: 1934.437 GC heap before
{Heap before GC invocations=105 (full 0):
 garbage-first heap   total 375808K, used 311228K [0x0000000080000000, 0x0000000100000000)
  region size 1024K, 35 young (35840K), 7 survivors (7168K)
 Metaspace       used 157869K, committed 158976K, reserved 1187840K
  class space    used 20534K, committed 21120K, reserved 1048576K
}

